<?xml version="1.0" encoding="UTF-8"?>
<!-- Generated by org.testng.reporters.JUnitReportReporter -->
<testsuite hostname="LAPTOP-QHUGIABV" failures="0" tests="1" name="testCases.LoginTest" time="1.497" errors="0" timestamp="2024-09-29T13:19:01 EDT" skipped="0">
  <testcase classname="testCases.LoginTest" name="validateLogin" time="1.497"/>
  <system-out/>
</testsuite> <!-- testCases.LoginTest -->
