<?xml version="1.0" encoding="UTF-8"?>
<!-- Generated by org.testng.reporters.JUnitReportReporter -->
<testsuite hostname="LAPTOP-QHUGIABV" failures="0" tests="6" name="testCases.LoginDDT" time="49.742" errors="0" timestamp="2024-09-28T13:25:56 EDT" skipped="0">
  <testcase classname="testCases.LoginDDT" name="validate_loginDDT" time="11.168"/>
  <system-out/>
  <testcase classname="testCases.LoginDDT" name="validate_loginDDT" time="11.514"/>
  <system-out/>
  <testcase classname="testCases.LoginDDT" name="validate_loginDDT" time="2.510"/>
  <system-out/>
  <testcase classname="testCases.LoginDDT" name="validate_loginDDT" time="2.212"/>
  <system-out/>
  <testcase classname="testCases.LoginDDT" name="validate_loginDDT" time="11.191"/>
  <system-out/>
  <testcase classname="testCases.LoginDDT" name="validate_loginDDT" time="11.147"/>
  <system-out/>
</testsuite> <!-- testCases.LoginDDT -->
