<?xml version="1.0" encoding="UTF-8"?>
<!-- Generated by org.testng.reporters.JUnitReportReporter -->
<testsuite hostname="LAPTOP-QHUGIABV" failures="0" tests="1" name="testCases.LoginTest" time="1.529" errors="0" timestamp="2024-10-06T11:57:31 EDT" skipped="0">
  <testcase classname="testCases.LoginTest" name="validateLogin" time="1.529"/>
  <system-out/>
</testsuite> <!-- testCases.LoginTest -->
