<?xml version="1.0" encoding="UTF-8"?>
<!-- Generated by org.testng.reporters.JUnitReportReporter -->
<testsuite hostname="LAPTOP-QHUGIABV" failures="0" tests="1" name="testCases.AccountRegistrationTest" time="2.041" errors="0" timestamp="2024-10-06T11:57:31 EDT" skipped="0">
  <testcase classname="testCases.AccountRegistrationTest" name="validateAccountRegistration" time="2.041"/>
  <system-out/>
</testsuite> <!-- testCases.AccountRegistrationTest -->
